<?xml version="1.0" encoding="UTF-8"?>
<testng-results ignored="0" total="2" passed="2" failed="0" skipped="0">
  <reporter-output>
  </reporter-output>
  <suite started-at="2024-08-14T02:55:01 IST" name="Default suite" finished-at="2024-08-14T02:55:28 IST" duration-ms="27328">
    <groups>
    </groups>
    <test started-at="2024-08-14T02:55:01 IST" name="Default test" finished-at="2024-08-14T02:55:28 IST" duration-ms="27328">
      <class name="com.avactis.test.UserLoginTest">
        <test-method is-config="true" signature="setUp()[pri:0, instance:com.avactis.test.UserLoginTest@368f2016]" started-at="2024-08-14T02:55:01 IST" name="setUp" finished-at="2024-08-14T02:55:06 IST" duration-ms="5112" status="PASS">
          <reporter-output>
          </reporter-output>
        </test-method> <!-- setUp -->
        <test-method signature="userlogin()[pri:0, instance:com.avactis.test.UserLoginTest@368f2016]" started-at="2024-08-14T02:55:06 IST" name="userlogin" finished-at="2024-08-14T02:55:08 IST" duration-ms="2137" status="PASS">
          <reporter-output>
          </reporter-output>
        </test-method> <!-- userlogin -->
        <test-method is-config="true" signature="tearDown()[pri:0, instance:com.avactis.test.UserLoginTest@368f2016]" started-at="2024-08-14T02:55:08 IST" name="tearDown" finished-at="2024-08-14T02:55:09 IST" duration-ms="207" status="PASS">
          <reporter-output>
          </reporter-output>
        </test-method> <!-- tearDown -->
        <test-method is-config="true" signature="setUp()[pri:0, instance:com.avactis.test.UserLoginTest@368f2016]" started-at="2024-08-14T02:55:09 IST" name="setUp" finished-at="2024-08-14T02:55:14 IST" duration-ms="5389" status="PASS">
          <reporter-output>
          </reporter-output>
        </test-method> <!-- setUp -->
        <test-method signature="newResgistration()[pri:1, instance:com.avactis.test.UserLoginTest@368f2016]" started-at="2024-08-14T02:55:14 IST" name="newResgistration" finished-at="2024-08-14T02:55:28 IST" duration-ms="14134" status="PASS">
          <reporter-output>
          </reporter-output>
        </test-method> <!-- newResgistration -->
        <test-method is-config="true" signature="tearDown()[pri:0, instance:com.avactis.test.UserLoginTest@368f2016]" started-at="2024-08-14T02:55:28 IST" name="tearDown" finished-at="2024-08-14T02:55:28 IST" duration-ms="247" status="PASS">
          <reporter-output>
          </reporter-output>
        </test-method> <!-- tearDown -->
      </class> <!-- com.avactis.test.UserLoginTest -->
    </test> <!-- Default test -->
  </suite> <!-- Default suite -->
</testng-results>
